app/build/intermediates/manifest_merge_blame_file/debug/processDebugMainManifest/manifest-merger-blame-debug-report.txt
1<?xml version="1.0" encoding="utf-8"?>
2<manifest xmlns:android="http://schemas.android.com/apk/res/android"
3    package="com.brzhang.gemma_ai"
4    android:versionCode="1"
5    android:versionName="1.0" >
6
7    <uses-sdk
8        android:minSdkVersion="26"
9        android:targetSdkVersion="36" />
10
11    <uses-permission android:name="android.permission.CAMERA" />
11-->src\main\AndroidManifest.xml:5:5-65
11-->src\main\AndroidManifest.xml:5:22-62
12    <uses-permission android:name="android.permission.RECORD_AUDIO" />
12-->src\main\AndroidManifest.xml:6:5-71
12-->src\main\AndroidManifest.xml:6:22-68
13    <uses-permission android:name="android.permission.SEND_SMS" />
13-->src\main\AndroidManifest.xml:7:5-67
13-->src\main\AndroidManifest.xml:7:22-64
14    <uses-permission android:name="android.permission.CALL_PHONE" />
14-->src\main\AndroidManifest.xml:8:5-69
14-->src\main\AndroidManifest.xml:8:22-66
15    <uses-permission android:name="android.permission.VIBRATE" />
15-->src\main\AndroidManifest.xml:9:5-66
15-->src\main\AndroidManifest.xml:9:22-63
16    <uses-permission android:name="android.permission.ACCESS_FINE_LOCATION" />
16-->src\main\AndroidManifest.xml:10:5-79
16-->src\main\AndroidManifest.xml:10:22-76
17    <uses-permission android:name="android.permission.ACCESS_COARSE_LOCATION" />
17-->src\main\AndroidManifest.xml:11:5-81
17-->src\main\AndroidManifest.xml:11:22-78
18    <uses-permission android:name="android.permission.INTERNET" />
18-->src\main\AndroidManifest.xml:12:5-67
18-->src\main\AndroidManifest.xml:12:22-64
19    <uses-permission android:name="android.permission.ACCESS_NETWORK_STATE" />
19-->src\main\AndroidManifest.xml:13:5-79
19-->src\main\AndroidManifest.xml:13:22-76
20
21    <uses-feature
21-->src\main\AndroidManifest.xml:15:5-85
22        android:name="android.hardware.camera"
22-->src\main\AndroidManifest.xml:15:19-57
23        android:required="false" />
23-->src\main\AndroidManifest.xml:15:58-82
24    <uses-feature
24-->src\main\AndroidManifest.xml:16:5-95
25        android:name="android.hardware.camera.autofocus"
25-->src\main\AndroidManifest.xml:16:19-67
26        android:required="false" />
26-->src\main\AndroidManifest.xml:16:68-92
27    <uses-feature
27-->src\main\AndroidManifest.xml:17:5-88
28        android:name="android.hardware.telephony"
28-->src\main\AndroidManifest.xml:17:19-60
29        android:required="false" />
29-->src\main\AndroidManifest.xml:17:61-85
30
31    <queries>
31-->src\main\AndroidManifest.xml:19:5-23:15
32        <intent>
32-->src\main\AndroidManifest.xml:20:9-22:18
33            <action android:name="android.intent.action.TTS_SERVICE" />
33-->src\main\AndroidManifest.xml:21:13-72
33-->src\main\AndroidManifest.xml:21:21-69
34        </intent>
35
36        <package android:name="com.google.android.aicore" />
36-->[com.google.mlkit:genai-prompt:1.0.0-beta1] AndroidManifest.xml:12:9-61
36-->[com.google.mlkit:genai-prompt:1.0.0-beta1] AndroidManifest.xml:12:18-58
37        <package android:name="com.google.android.gms.tflite_dynamite" />
37-->[com.google.android.gms:play-services-tflite-impl:16.5.0] AndroidManifest.xml:9:9-74
37-->[com.google.android.gms:play-services-tflite-impl:16.5.0] AndroidManifest.xml:9:18-71
38    </queries>
39
40    <uses-permission android:name="com.google.android.apps.aicore.service.BIND_SERVICE" />
40-->[com.google.mlkit:genai-prompt:1.0.0-beta1] AndroidManifest.xml:9:5-91
40-->[com.google.mlkit:genai-prompt:1.0.0-beta1] AndroidManifest.xml:9:22-88
41    <uses-permission android:name="android.permission.WAKE_LOCK" />
41-->[androidx.work:work-runtime:2.10.1] AndroidManifest.xml:23:5-68
41-->[androidx.work:work-runtime:2.10.1] AndroidManifest.xml:23:22-65
42    <uses-permission android:name="android.permission.RECEIVE_BOOT_COMPLETED" />
42-->[androidx.work:work-runtime:2.10.1] AndroidManifest.xml:25:5-81
42-->[androidx.work:work-runtime:2.10.1] AndroidManifest.xml:25:22-78
43    <uses-permission android:name="android.permission.FOREGROUND_SERVICE" />
43-->[androidx.work:work-runtime:2.10.1] AndroidManifest.xml:26:5-77
43-->[androidx.work:work-runtime:2.10.1] AndroidManifest.xml:26:22-74
44
45    <permission
45-->[androidx.core:core:1.18.0] AndroidManifest.xml:22:5-24:47
46        android:name="com.brzhang.gemma_ai.DYNAMIC_RECEIVER_NOT_EXPORTED_PERMISSION"
46-->[androidx.core:core:1.18.0] AndroidManifest.xml:23:9-81
47        android:protectionLevel="signature" />
47-->[androidx.core:core:1.18.0] AndroidManifest.xml:24:9-44
48
49    <uses-permission android:name="com.brzhang.gemma_ai.DYNAMIC_RECEIVER_NOT_EXPORTED_PERMISSION" />
49-->[androidx.core:core:1.18.0] AndroidManifest.xml:26:5-97
49-->[androidx.core:core:1.18.0] AndroidManifest.xml:26:22-94
50    <uses-permission android:name="android.permission.WRITE_EXTERNAL_STORAGE" />
51    <uses-permission android:name="android.permission.READ_PHONE_STATE" />
52    <uses-permission android:name="android.permission.READ_EXTERNAL_STORAGE" />
53
54    <application
54-->src\main\AndroidManifest.xml:25:5-45:19
55        android:name="com.brzhang.gemma_ai.VillageDocApp"
55-->src\main\AndroidManifest.xml:26:9-38
56        android:allowBackup="true"
56-->src\main\AndroidManifest.xml:27:9-35
57        android:appComponentFactory="androidx.core.app.CoreComponentFactory"
57-->[androidx.core:core:1.18.0] AndroidManifest.xml:28:18-86
58        android:dataExtractionRules="@xml/data_extraction_rules"
58-->src\main\AndroidManifest.xml:28:9-65
59        android:debuggable="true"
60        android:extractNativeLibs="false"
61        android:fullBackupContent="@xml/backup_rules"
61-->src\main\AndroidManifest.xml:29:9-54
62        android:icon="@mipmap/ic_launcher"
62-->src\main\AndroidManifest.xml:30:9-43
63        android:label="@string/app_name"
63-->src\main\AndroidManifest.xml:31:9-41
64        android:roundIcon="@mipmap/ic_launcher_round"
64-->src\main\AndroidManifest.xml:32:9-54
65        android:supportsRtl="true"
65-->src\main\AndroidManifest.xml:33:9-35
66        android:theme="@style/Theme.Gemma_ai" >
66-->src\main\AndroidManifest.xml:34:9-46
67        <activity
67-->src\main\AndroidManifest.xml:35:9-44:20
68            android:name="com.brzhang.gemma_ai.MainActivity"
68-->src\main\AndroidManifest.xml:36:13-41
69            android:exported="true"
69-->src\main\AndroidManifest.xml:37:13-36
70            android:label="@string/app_name"
70-->src\main\AndroidManifest.xml:38:13-45
71            android:theme="@style/Theme.Gemma_ai" >
71-->src\main\AndroidManifest.xml:39:13-50
72            <intent-filter>
72-->src\main\AndroidManifest.xml:40:13-43:29
73                <action android:name="android.intent.action.MAIN" />
73-->src\main\AndroidManifest.xml:41:17-69
73-->src\main\AndroidManifest.xml:41:25-66
74
75                <category android:name="android.intent.category.LAUNCHER" />
75-->src\main\AndroidManifest.xml:42:17-77
75-->src\main\AndroidManifest.xml:42:27-74
76            </intent-filter>
77        </activity>
78        <!--
79        Service for holding metadata. Cannot be instantiated.
80        Metadata will be merged from other manifests.
81        -->
82        <service
82-->[androidx.camera:camera-core:1.5.0] AndroidManifest.xml:29:9-33:78
83            android:name="androidx.camera.core.impl.MetadataHolderService"
83-->[androidx.camera:camera-core:1.5.0] AndroidManifest.xml:30:13-75
84            android:enabled="false"
84-->[androidx.camera:camera-core:1.5.0] AndroidManifest.xml:31:13-36
85            android:exported="false" >
85-->[androidx.camera:camera-core:1.5.0] AndroidManifest.xml:32:13-37
86            <meta-data
86-->[androidx.camera:camera-camera2:1.5.0] AndroidManifest.xml:30:13-32:89
87                android:name="androidx.camera.core.impl.MetadataHolderService.DEFAULT_CONFIG_PROVIDER"
87-->[androidx.camera:camera-camera2:1.5.0] AndroidManifest.xml:31:17-103
88                android:value="androidx.camera.camera2.Camera2Config$DefaultProvider" />
88-->[androidx.camera:camera-camera2:1.5.0] AndroidManifest.xml:32:17-86
89        </service>
90        <service
90-->[com.google.android.gms:play-services-mlkit-text-recognition-common:19.1.0] AndroidManifest.xml:9:9-15:19
91            android:name="com.google.mlkit.common.internal.MlKitComponentDiscoveryService"
91-->[com.google.android.gms:play-services-mlkit-text-recognition-common:19.1.0] AndroidManifest.xml:10:13-91
92            android:directBootAware="true"
92-->[com.google.mlkit:common:18.11.0] AndroidManifest.xml:17:13-43
93            android:exported="false" >
93-->[com.google.android.gms:play-services-mlkit-text-recognition-common:19.1.0] AndroidManifest.xml:11:13-37
94            <meta-data
94-->[com.google.android.gms:play-services-mlkit-text-recognition-common:19.1.0] AndroidManifest.xml:12:13-14:85
95                android:name="com.google.firebase.components:com.google.mlkit.vision.text.internal.TextRegistrar"
95-->[com.google.android.gms:play-services-mlkit-text-recognition-common:19.1.0] AndroidManifest.xml:13:17-114
96                android:value="com.google.firebase.components.ComponentRegistrar" />
96-->[com.google.android.gms:play-services-mlkit-text-recognition-common:19.1.0] AndroidManifest.xml:14:17-82
97            <meta-data
97-->[com.google.mlkit:vision-common:17.3.0] AndroidManifest.xml:12:13-14:85
98                android:name="com.google.firebase.components:com.google.mlkit.vision.common.internal.VisionCommonRegistrar"
98-->[com.google.mlkit:vision-common:17.3.0] AndroidManifest.xml:13:17-124
99                android:value="com.google.firebase.components.ComponentRegistrar" />
99-->[com.google.mlkit:vision-common:17.3.0] AndroidManifest.xml:14:17-82
100            <meta-data
100-->[com.google.mlkit:common:18.11.0] AndroidManifest.xml:20:13-22:85
101                android:name="com.google.firebase.components:com.google.mlkit.common.internal.CommonComponentRegistrar"
101-->[com.google.mlkit:common:18.11.0] AndroidManifest.xml:21:17-120
102                android:value="com.google.firebase.components.ComponentRegistrar" />
102-->[com.google.mlkit:common:18.11.0] AndroidManifest.xml:22:17-82
103        </service>
104
105        <provider
105-->[com.google.mlkit:common:18.11.0] AndroidManifest.xml:9:9-13:38
106            android:name="com.google.mlkit.common.internal.MlKitInitProvider"
106-->[com.google.mlkit:common:18.11.0] AndroidManifest.xml:10:13-78
107            android:authorities="com.brzhang.gemma_ai.mlkitinitprovider"
107-->[com.google.mlkit:common:18.11.0] AndroidManifest.xml:11:13-69
108            android:exported="false"
108-->[com.google.mlkit:common:18.11.0] AndroidManifest.xml:12:13-37
109            android:initOrder="99" />
109-->[com.google.mlkit:common:18.11.0] AndroidManifest.xml:13:13-35
110
111        <service
111-->[com.google.android.gms:play-services-tflite-gpu:16.5.0] AndroidManifest.xml:9:9-21:19
112            android:name="com.google.android.gms.metadata.ModuleDependencies"
112-->[com.google.android.gms:play-services-tflite-gpu:16.5.0] AndroidManifest.xml:10:13-78
113            android:enabled="false"
113-->[com.google.android.gms:play-services-tflite-gpu:16.5.0] AndroidManifest.xml:11:13-36
114            android:exported="false" >
114-->[com.google.android.gms:play-services-tflite-gpu:16.5.0] AndroidManifest.xml:12:13-37
115            <intent-filter>
115-->[com.google.android.gms:play-services-tflite-gpu:16.5.0] AndroidManifest.xml:14:13-16:29
116                <action android:name="com.google.android.gms.metadata.MODULE_DEPENDENCIES" />
116-->[com.google.android.gms:play-services-tflite-gpu:16.5.0] AndroidManifest.xml:15:17-94
116-->[com.google.android.gms:play-services-tflite-gpu:16.5.0] AndroidManifest.xml:15:25-91
117            </intent-filter>
118
119            <meta-data
119-->[com.google.android.gms:play-services-tflite-gpu:16.5.0] AndroidManifest.xml:18:13-20:36
120                android:name="tflite_gpu_dynamite:222612000:required"
120-->[com.google.android.gms:play-services-tflite-gpu:16.5.0] AndroidManifest.xml:19:17-70
121                android:value="" />
121-->[com.google.android.gms:play-services-tflite-gpu:16.5.0] AndroidManifest.xml:20:17-33
122            <meta-data
122-->[com.google.android.gms:play-services-tflite-impl:16.5.0] AndroidManifest.xml:22:13-24:36
123                android:name="tflite_dynamite:3:required"
123-->[com.google.android.gms:play-services-tflite-impl:16.5.0] AndroidManifest.xml:23:17-58
124                android:value="" />
124-->[com.google.android.gms:play-services-tflite-impl:16.5.0] AndroidManifest.xml:24:17-33
125        </service>
126
127        <activity
127-->[com.google.android.gms:play-services-base:18.5.0] AndroidManifest.xml:5:9-173
128            android:name="com.google.android.gms.common.api.GoogleApiActivity"
128-->[com.google.android.gms:play-services-base:18.5.0] AndroidManifest.xml:5:19-85
129            android:exported="false"
129-->[com.google.android.gms:play-services-base:18.5.0] AndroidManifest.xml:5:146-170
130            android:theme="@android:style/Theme.Translucent.NoTitleBar" />
130-->[com.google.android.gms:play-services-base:18.5.0] AndroidManifest.xml:5:86-145
131
132        <meta-data
132-->[com.google.android.gms:play-services-basement:18.9.0] AndroidManifest.xml:21:9-23:69
133            android:name="com.google.android.gms.version"
133-->[com.google.android.gms:play-services-basement:18.9.0] AndroidManifest.xml:22:13-58
134            android:value="@integer/google_play_services_version" />
134-->[com.google.android.gms:play-services-basement:18.9.0] AndroidManifest.xml:23:13-66
135
136        <provider
136-->[androidx.work:work-runtime:2.10.1] AndroidManifest.xml:29:9-37:20
137            android:name="androidx.startup.InitializationProvider"
137-->[androidx.work:work-runtime:2.10.1] AndroidManifest.xml:30:13-67
138            android:authorities="com.brzhang.gemma_ai.androidx-startup"
138-->[androidx.work:work-runtime:2.10.1] AndroidManifest.xml:31:13-68
139            android:exported="false" >
139-->[androidx.work:work-runtime:2.10.1] AndroidManifest.xml:32:13-37
140            <meta-data
140-->[androidx.work:work-runtime:2.10.1] AndroidManifest.xml:34:13-36:52
141                android:name="androidx.work.WorkManagerInitializer"
141-->[androidx.work:work-runtime:2.10.1] AndroidManifest.xml:35:17-68
142                android:value="androidx.startup" />
142-->[androidx.work:work-runtime:2.10.1] AndroidManifest.xml:36:17-49
143            <meta-data
143-->[androidx.emoji2:emoji2:1.4.0] AndroidManifest.xml:29:13-31:52
144                android:name="androidx.emoji2.text.EmojiCompatInitializer"
144-->[androidx.emoji2:emoji2:1.4.0] AndroidManifest.xml:30:17-75
145                android:value="androidx.startup" />
145-->[androidx.emoji2:emoji2:1.4.0] AndroidManifest.xml:31:17-49
146            <meta-data
146-->[androidx.lifecycle:lifecycle-process:2.10.0] AndroidManifest.xml:29:13-31:52
147                android:name="androidx.lifecycle.ProcessLifecycleInitializer"
147-->[androidx.lifecycle:lifecycle-process:2.10.0] AndroidManifest.xml:30:17-78
148                android:value="androidx.startup" />
148-->[androidx.lifecycle:lifecycle-process:2.10.0] AndroidManifest.xml:31:17-49
149            <meta-data
149-->[androidx.profileinstaller:profileinstaller:1.4.0] AndroidManifest.xml:29:13-31:52
150                android:name="androidx.profileinstaller.ProfileInstallerInitializer"
150-->[androidx.profileinstaller:profileinstaller:1.4.0] AndroidManifest.xml:30:17-85
151                android:value="androidx.startup" />
151-->[androidx.profileinstaller:profileinstaller:1.4.0] AndroidManifest.xml:31:17-49
152        </provider>
153
154        <service
154-->[androidx.work:work-runtime:2.10.1] AndroidManifest.xml:39:9-45:35
155            android:name="androidx.work.impl.background.systemalarm.SystemAlarmService"
155-->[androidx.work:work-runtime:2.10.1] AndroidManifest.xml:40:13-88
156            android:directBootAware="false"
156-->[androidx.work:work-runtime:2.10.1] AndroidManifest.xml:41:13-44
157            android:enabled="@bool/enable_system_alarm_service_default"
157-->[androidx.work:work-runtime:2.10.1] AndroidManifest.xml:42:13-72
158            android:exported="false" />
158-->[androidx.work:work-runtime:2.10.1] AndroidManifest.xml:43:13-37
159        <service
159-->[androidx.work:work-runtime:2.10.1] AndroidManifest.xml:46:9-52:35
160            android:name="androidx.work.impl.background.systemjob.SystemJobService"
160-->[androidx.work:work-runtime:2.10.1] AndroidManifest.xml:47:13-84
161            android:directBootAware="false"
161-->[androidx.work:work-runtime:2.10.1] AndroidManifest.xml:48:13-44
162            android:enabled="@bool/enable_system_job_service_default"
162-->[androidx.work:work-runtime:2.10.1] AndroidManifest.xml:49:13-70
163            android:exported="true"
163-->[androidx.work:work-runtime:2.10.1] AndroidManifest.xml:50:13-36
164            android:permission="android.permission.BIND_JOB_SERVICE" />
164-->[androidx.work:work-runtime:2.10.1] AndroidManifest.xml:51:13-69
165        <service
165-->[androidx.work:work-runtime:2.10.1] AndroidManifest.xml:53:9-59:35
166            android:name="androidx.work.impl.foreground.SystemForegroundService"
166-->[androidx.work:work-runtime:2.10.1] AndroidManifest.xml:54:13-81
167            android:directBootAware="false"
167-->[androidx.work:work-runtime:2.10.1] AndroidManifest.xml:55:13-44
168            android:enabled="@bool/enable_system_foreground_service_default"
168-->[androidx.work:work-runtime:2.10.1] AndroidManifest.xml:56:13-77
169            android:exported="false" />
169-->[androidx.work:work-runtime:2.10.1] AndroidManifest.xml:57:13-37
170
171        <receiver
171-->[androidx.work:work-runtime:2.10.1] AndroidManifest.xml:61:9-66:35
172            android:name="androidx.work.impl.utils.ForceStopRunnable$BroadcastReceiver"
172-->[androidx.work:work-runtime:2.10.1] AndroidManifest.xml:62:13-88
173            android:directBootAware="false"
173-->[androidx.work:work-runtime:2.10.1] AndroidManifest.xml:63:13-44
174            android:enabled="true"
174-->[androidx.work:work-runtime:2.10.1] AndroidManifest.xml:64:13-35
175            android:exported="false" />
175-->[androidx.work:work-runtime:2.10.1] AndroidManifest.xml:65:13-37
176        <receiver
176-->[androidx.work:work-runtime:2.10.1] AndroidManifest.xml:67:9-77:20
177            android:name="androidx.work.impl.background.systemalarm.ConstraintProxy$BatteryChargingProxy"
177-->[androidx.work:work-runtime:2.10.1] AndroidManifest.xml:68:13-106
178            android:directBootAware="false"
178-->[androidx.work:work-runtime:2.10.1] AndroidManifest.xml:69:13-44
179            android:enabled="false"
179-->[androidx.work:work-runtime:2.10.1] AndroidManifest.xml:70:13-36
180            android:exported="false" >
180-->[androidx.work:work-runtime:2.10.1] AndroidManifest.xml:71:13-37
181            <intent-filter>
181-->[androidx.work:work-runtime:2.10.1] AndroidManifest.xml:73:13-76:29
182                <action android:name="android.intent.action.ACTION_POWER_CONNECTED" />
182-->[androidx.work:work-runtime:2.10.1] AndroidManifest.xml:74:17-87
182-->[androidx.work:work-runtime:2.10.1] AndroidManifest.xml:74:25-84
183                <action android:name="android.intent.action.ACTION_POWER_DISCONNECTED" />
183-->[androidx.work:work-runtime:2.10.1] AndroidManifest.xml:75:17-90
183-->[androidx.work:work-runtime:2.10.1] AndroidManifest.xml:75:25-87
184            </intent-filter>
185        </receiver>
186        <receiver
186-->[androidx.work:work-runtime:2.10.1] AndroidManifest.xml:78:9-88:20
187            android:name="androidx.work.impl.background.systemalarm.ConstraintProxy$BatteryNotLowProxy"
187-->[androidx.work:work-runtime:2.10.1] AndroidManifest.xml:79:13-104
188            android:directBootAware="false"
188-->[androidx.work:work-runtime:2.10.1] AndroidManifest.xml:80:13-44
189            android:enabled="false"
189-->[androidx.work:work-runtime:2.10.1] AndroidManifest.xml:81:13-36
190            android:exported="false" >
190-->[androidx.work:work-runtime:2.10.1] AndroidManifest.xml:82:13-37
191            <intent-filter>
191-->[androidx.work:work-runtime:2.10.1] AndroidManifest.xml:84:13-87:29
192                <action android:name="android.intent.action.BATTERY_OKAY" />
192-->[androidx.work:work-runtime:2.10.1] AndroidManifest.xml:85:17-77
192-->[androidx.work:work-runtime:2.10.1] AndroidManifest.xml:85:25-74
193                <action android:name="android.intent.action.BATTERY_LOW" />
193-->[androidx.work:work-runtime:2.10.1] AndroidManifest.xml:86:17-76
193-->[androidx.work:work-runtime:2.10.1] AndroidManifest.xml:86:25-73
194            </intent-filter>
195        </receiver>
196        <receiver
196-->[androidx.work:work-runtime:2.10.1] AndroidManifest.xml:89:9-99:20
197            android:name="androidx.work.impl.background.systemalarm.ConstraintProxy$StorageNotLowProxy"
197-->[androidx.work:work-runtime:2.10.1] AndroidManifest.xml:90:13-104
198            android:directBootAware="false"
198-->[androidx.work:work-runtime:2.10.1] AndroidManifest.xml:91:13-44
199            android:enabled="false"
199-->[androidx.work:work-runtime:2.10.1] AndroidManifest.xml:92:13-36
200            android:exported="false" >
200-->[androidx.work:work-runtime:2.10.1] AndroidManifest.xml:93:13-37
201            <intent-filter>
201-->[androidx.work:work-runtime:2.10.1] AndroidManifest.xml:95:13-98:29
202                <action android:name="android.intent.action.DEVICE_STORAGE_LOW" />
202-->[androidx.work:work-runtime:2.10.1] AndroidManifest.xml:96:17-83
202-->[androidx.work:work-runtime:2.10.1] AndroidManifest.xml:96:25-80
203                <action android:name="android.intent.action.DEVICE_STORAGE_OK" />
203-->[androidx.work:work-runtime:2.10.1] AndroidManifest.xml:97:17-82
203-->[androidx.work:work-runtime:2.10.1] AndroidManifest.xml:97:25-79
204            </intent-filter>
205        </receiver>
206        <receiver
206-->[androidx.work:work-runtime:2.10.1] AndroidManifest.xml:100:9-109:20
207            android:name="androidx.work.impl.background.systemalarm.ConstraintProxy$NetworkStateProxy"
207-->[androidx.work:work-runtime:2.10.1] AndroidManifest.xml:101:13-103
208            android:directBootAware="false"
208-->[androidx.work:work-runtime:2.10.1] AndroidManifest.xml:102:13-44
209            android:enabled="false"
209-->[androidx.work:work-runtime:2.10.1] AndroidManifest.xml:103:13-36
210            android:exported="false" >
210-->[androidx.work:work-runtime:2.10.1] AndroidManifest.xml:104:13-37
211            <intent-filter>
211-->[androidx.work:work-runtime:2.10.1] AndroidManifest.xml:106:13-108:29
212                <action android:name="android.net.conn.CONNECTIVITY_CHANGE" />
212-->[androidx.work:work-runtime:2.10.1] AndroidManifest.xml:107:17-79
212-->[androidx.work:work-runtime:2.10.1] AndroidManifest.xml:107:25-76
213            </intent-filter>
214        </receiver>
215        <receiver
215-->[androidx.work:work-runtime:2.10.1] AndroidManifest.xml:110:9-121:20
216            android:name="androidx.work.impl.background.systemalarm.RescheduleReceiver"
216-->[androidx.work:work-runtime:2.10.1] AndroidManifest.xml:111:13-88
217            android:directBootAware="false"
217-->[androidx.work:work-runtime:2.10.1] AndroidManifest.xml:112:13-44
218            android:enabled="false"
218-->[androidx.work:work-runtime:2.10.1] AndroidManifest.xml:113:13-36
219            android:exported="false" >
219-->[androidx.work:work-runtime:2.10.1] AndroidManifest.xml:114:13-37
220            <intent-filter>
220-->[androidx.work:work-runtime:2.10.1] AndroidManifest.xml:116:13-120:29
221                <action android:name="android.intent.action.BOOT_COMPLETED" />
221-->[androidx.work:work-runtime:2.10.1] AndroidManifest.xml:117:17-79
221-->[androidx.work:work-runtime:2.10.1] AndroidManifest.xml:117:25-76
222                <action android:name="android.intent.action.TIME_SET" />
222-->[androidx.work:work-runtime:2.10.1] AndroidManifest.xml:118:17-73
222-->[androidx.work:work-runtime:2.10.1] AndroidManifest.xml:118:25-70
223                <action android:name="android.intent.action.TIMEZONE_CHANGED" />
223-->[androidx.work:work-runtime:2.10.1] AndroidManifest.xml:119:17-81
223-->[androidx.work:work-runtime:2.10.1] AndroidManifest.xml:119:25-78
224            </intent-filter>
225        </receiver>
226        <receiver
226-->[androidx.work:work-runtime:2.10.1] AndroidManifest.xml:122:9-131:20
227            android:name="androidx.work.impl.background.systemalarm.ConstraintProxyUpdateReceiver"
227-->[androidx.work:work-runtime:2.10.1] AndroidManifest.xml:123:13-99
228            android:directBootAware="false"
228-->[androidx.work:work-runtime:2.10.1] AndroidManifest.xml:124:13-44
229            android:enabled="@bool/enable_system_alarm_service_default"
229-->[androidx.work:work-runtime:2.10.1] AndroidManifest.xml:125:13-72
230            android:exported="false" >
230-->[androidx.work:work-runtime:2.10.1] AndroidManifest.xml:126:13-37
231            <intent-filter>
231-->[androidx.work:work-runtime:2.10.1] AndroidManifest.xml:128:13-130:29
232                <action android:name="androidx.work.impl.background.systemalarm.UpdateProxies" />
232-->[androidx.work:work-runtime:2.10.1] AndroidManifest.xml:129:17-98
232-->[androidx.work:work-runtime:2.10.1] AndroidManifest.xml:129:25-95
233            </intent-filter>
234        </receiver>
235        <receiver
235-->[androidx.work:work-runtime:2.10.1] AndroidManifest.xml:132:9-142:20
236            android:name="androidx.work.impl.diagnostics.DiagnosticsReceiver"
236-->[androidx.work:work-runtime:2.10.1] AndroidManifest.xml:133:13-78
237            android:directBootAware="false"
237-->[androidx.work:work-runtime:2.10.1] AndroidManifest.xml:134:13-44
238            android:enabled="true"
238-->[androidx.work:work-runtime:2.10.1] AndroidManifest.xml:135:13-35
239            android:exported="true"
239-->[androidx.work:work-runtime:2.10.1] AndroidManifest.xml:136:13-36
240            android:permission="android.permission.DUMP" >
240-->[androidx.work:work-runtime:2.10.1] AndroidManifest.xml:137:13-57
241            <intent-filter>
241-->[androidx.work:work-runtime:2.10.1] AndroidManifest.xml:139:13-141:29
242                <action android:name="androidx.work.diagnostics.REQUEST_DIAGNOSTICS" />
242-->[androidx.work:work-runtime:2.10.1] AndroidManifest.xml:140:17-88
242-->[androidx.work:work-runtime:2.10.1] AndroidManifest.xml:140:25-85
243            </intent-filter>
244        </receiver>
245
246        <activity
246-->[androidx.compose.ui:ui-tooling-android:1.9.2] AndroidManifest.xml:23:9-25:39
247            android:name="androidx.compose.ui.tooling.PreviewActivity"
247-->[androidx.compose.ui:ui-tooling-android:1.9.2] AndroidManifest.xml:24:13-71
248            android:exported="true" />
248-->[androidx.compose.ui:ui-tooling-android:1.9.2] AndroidManifest.xml:25:13-36
249        <activity
249-->[androidx.compose.ui:ui-test-manifest:1.9.2] AndroidManifest.xml:23:9-26:79
250            android:name="androidx.activity.ComponentActivity"
250-->[androidx.compose.ui:ui-test-manifest:1.9.2] AndroidManifest.xml:24:13-63
251            android:exported="true"
251-->[androidx.compose.ui:ui-test-manifest:1.9.2] AndroidManifest.xml:25:13-36
252            android:theme="@android:style/Theme.Material.Light.NoActionBar" />
252-->[androidx.compose.ui:ui-test-manifest:1.9.2] AndroidManifest.xml:26:13-76
253
254        <service
254-->[androidx.room:room-runtime-android:2.7.1] AndroidManifest.xml:24:9-28:63
255            android:name="androidx.room.MultiInstanceInvalidationService"
255-->[androidx.room:room-runtime-android:2.7.1] AndroidManifest.xml:25:13-74
256            android:directBootAware="true"
256-->[androidx.room:room-runtime-android:2.7.1] AndroidManifest.xml:26:13-43
257            android:exported="false" />
257-->[androidx.room:room-runtime-android:2.7.1] AndroidManifest.xml:27:13-37
258
259        <receiver
259-->[androidx.profileinstaller:profileinstaller:1.4.0] AndroidManifest.xml:34:9-52:20
260            android:name="androidx.profileinstaller.ProfileInstallReceiver"
260-->[androidx.profileinstaller:profileinstaller:1.4.0] AndroidManifest.xml:35:13-76
261            android:directBootAware="false"
261-->[androidx.profileinstaller:profileinstaller:1.4.0] AndroidManifest.xml:36:13-44
262            android:enabled="true"
262-->[androidx.profileinstaller:profileinstaller:1.4.0] AndroidManifest.xml:37:13-35
263            android:exported="true"
263-->[androidx.profileinstaller:profileinstaller:1.4.0] AndroidManifest.xml:38:13-36
264            android:permission="android.permission.DUMP" >
264-->[androidx.profileinstaller:profileinstaller:1.4.0] AndroidManifest.xml:39:13-57
265            <intent-filter>
265-->[androidx.profileinstaller:profileinstaller:1.4.0] AndroidManifest.xml:40:13-42:29
266                <action android:name="androidx.profileinstaller.action.INSTALL_PROFILE" />
266-->[androidx.profileinstaller:profileinstaller:1.4.0] AndroidManifest.xml:41:17-91
266-->[androidx.profileinstaller:profileinstaller:1.4.0] AndroidManifest.xml:41:25-88
267            </intent-filter>
268            <intent-filter>
268-->[androidx.profileinstaller:profileinstaller:1.4.0] AndroidManifest.xml:43:13-45:29
269                <action android:name="androidx.profileinstaller.action.SKIP_FILE" />
269-->[androidx.profileinstaller:profileinstaller:1.4.0] AndroidManifest.xml:44:17-85
269-->[androidx.profileinstaller:profileinstaller:1.4.0] AndroidManifest.xml:44:25-82
270            </intent-filter>
271            <intent-filter>
271-->[androidx.profileinstaller:profileinstaller:1.4.0] AndroidManifest.xml:46:13-48:29
272                <action android:name="androidx.profileinstaller.action.SAVE_PROFILE" />
272-->[androidx.profileinstaller:profileinstaller:1.4.0] AndroidManifest.xml:47:17-88